<?xml version="1.0" encoding="UTF-8"?>
<!-- Generated by org.testng.reporters.JUnitReportReporter -->
<testsuite hostname="CTWS023" failures="0" tests="89" name="CustomerPackage.Main_CustomerRegistration" time="188.851" errors="2" timestamp="22 May 2019 06:09:50 GMT" skipped="87">
  <testcase classname="CustomerPackage.Main_CustomerRegistration" name="UpdateValidation" time="18.582">
    <skipped/>
  </testcase> <!-- UpdateValidation -->
  <testcase classname="CustomerPackage.Main_CustomerRegistration" name="UpdateValidation" time="0.000">
    <skipped/>
  </testcase> <!-- UpdateValidation -->
  <testcase classname="CustomerPackage.Main_CustomerRegistration" name="UpdateValidation" time="0.000">
    <skipped/>
  </testcase> <!-- UpdateValidation -->
  <testcase classname="CustomerPackage.Main_CustomerRegistration" name="UpdateValidation" time="0.000">
    <skipped/>
  </testcase> <!-- UpdateValidation -->
  <testcase classname="CustomerPackage.Main_CustomerRegistration" name="UpdateValidation" time="0.000">
    <skipped/>
  </testcase> <!-- UpdateValidation -->
  <testcase classname="CustomerPackage.Main_CustomerRegistration" name="UpdateValidation" time="0.000">
    <skipped/>
  </testcase> <!-- UpdateValidation -->
  <testcase classname="CustomerPackage.Main_CustomerRegistration" name="UpdateValidation" time="0.000">
    <skipped/>
  </testcase> <!-- UpdateValidation -->
  <testcase classname="CustomerPackage.Main_CustomerRegistration" name="UpdateValidation" time="0.000">
    <skipped/>
  </testcase> <!-- UpdateValidation -->
  <testcase classname="CustomerPackage.Main_CustomerRegistration" name="UpdateValidation" time="0.000">
    <skipped/>
  </testcase> <!-- UpdateValidation -->
  <testcase classname="CustomerPackage.Main_CustomerRegistration" name="UpdateValidation" time="0.000">
    <skipped/>
  </testcase> <!-- UpdateValidation -->
  <testcase classname="CustomerPackage.Main_CustomerRegistration" name="UpdateValidation" time="0.000">
    <skipped/>
  </testcase> <!-- UpdateValidation -->
  <testcase classname="CustomerPackage.Main_CustomerRegistration" name="UpdateValidation" time="0.000">
    <skipped/>
  </testcase> <!-- UpdateValidation -->
  <testcase classname="CustomerPackage.Main_CustomerRegistration" name="UpdateValidation" time="0.000">
    <skipped/>
  </testcase> <!-- UpdateValidation -->
  <testcase classname="CustomerPackage.Main_CustomerRegistration" name="UpdateValidation" time="0.000">
    <skipped/>
  </testcase> <!-- UpdateValidation -->
  <testcase classname="CustomerPackage.Main_CustomerRegistration" name="UpdateValidation" time="0.000">
    <skipped/>
  </testcase> <!-- UpdateValidation -->
  <testcase classname="CustomerPackage.Main_CustomerRegistration" name="UpdateValidation" time="0.000">
    <skipped/>
  </testcase> <!-- UpdateValidation -->
  <testcase classname="CustomerPackage.Main_CustomerRegistration" name="UpdateValidation" time="0.000">
    <skipped/>
  </testcase> <!-- UpdateValidation -->
  <testcase classname="CustomerPackage.Main_CustomerRegistration" name="UpdateValidation" time="0.000">
    <skipped/>
  </testcase> <!-- UpdateValidation -->
  <testcase classname="CustomerPackage.Main_CustomerRegistration" name="UpdateValidation" time="0.000">
    <skipped/>
  </testcase> <!-- UpdateValidation -->
  <testcase classname="CustomerPackage.Main_CustomerRegistration" name="UpdateValidation" time="0.000">
    <skipped/>
  </testcase> <!-- UpdateValidation -->
  <testcase classname="CustomerPackage.Main_CustomerRegistration" name="UpdateValidation" time="0.000">
    <skipped/>
  </testcase> <!-- UpdateValidation -->
  <testcase classname="CustomerPackage.Main_CustomerRegistration" name="UpdateValidation" time="0.000">
    <skipped/>
  </testcase> <!-- UpdateValidation -->
  <testcase classname="CustomerPackage.Main_CustomerRegistration" name="UpdateValidation" time="0.000">
    <skipped/>
  </testcase> <!-- UpdateValidation -->
  <testcase classname="CustomerPackage.Main_CustomerRegistration" name="UpdateValidation" time="0.000">
    <skipped/>
  </testcase> <!-- UpdateValidation -->
  <testcase classname="CustomerPackage.Main_CustomerRegistration" name="UpdateValidation" time="0.000">
    <skipped/>
  </testcase> <!-- UpdateValidation -->
  <testcase classname="CustomerPackage.Main_CustomerRegistration" name="UpdateValidation" time="0.000">
    <skipped/>
  </testcase> <!-- UpdateValidation -->
  <testcase classname="CustomerPackage.Main_CustomerRegistration" name="UpdateValidation" time="0.000">
    <skipped/>
  </testcase> <!-- UpdateValidation -->
  <testcase classname="CustomerPackage.Main_CustomerRegistration" name="UpdateValidation" time="0.000">
    <skipped/>
  </testcase> <!-- UpdateValidation -->
  <testcase classname="CustomerPackage.Main_CustomerRegistration" name="UpdateValidation" time="0.000">
    <skipped/>
  </testcase> <!-- UpdateValidation -->
  <testcase classname="CustomerPackage.Main_CustomerRegistration" name="UpdateValidation" time="0.000">
    <skipped/>
  </testcase> <!-- UpdateValidation -->
  <testcase classname="CustomerPackage.Main_CustomerRegistration" name="UpdateValidation" time="0.000">
    <skipped/>
  </testcase> <!-- UpdateValidation -->
  <testcase classname="CustomerPackage.Main_CustomerRegistration" name="UpdateValidation" time="0.000">
    <skipped/>
  </testcase> <!-- UpdateValidation -->
  <testcase classname="CustomerPackage.Main_CustomerRegistration" name="UpdateValidation" time="0.000">
    <skipped/>
  </testcase> <!-- UpdateValidation -->
  <testcase classname="CustomerPackage.Main_CustomerRegistration" name="UpdateValidation" time="0.000">
    <skipped/>
  </testcase> <!-- UpdateValidation -->
  <testcase classname="CustomerPackage.Main_CustomerRegistration" name="UpdateValidation" time="0.000">
    <skipped/>
  </testcase> <!-- UpdateValidation -->
  <testcase classname="CustomerPackage.Main_CustomerRegistration" name="UpdateValidation" time="0.000">
    <skipped/>
  </testcase> <!-- UpdateValidation -->
  <testcase classname="CustomerPackage.Main_CustomerRegistration" name="UpdateValidation" time="0.000">
    <skipped/>
  </testcase> <!-- UpdateValidation -->
  <testcase classname="CustomerPackage.Main_CustomerRegistration" name="UpdateValidation" time="0.000">
    <skipped/>
  </testcase> <!-- UpdateValidation -->
  <testcase classname="CustomerPackage.Main_CustomerRegistration" name="setupTestMethod" time="6.387">
    <error message="unknown error: cannot determine loading status
from unknown error: cannot determine loading status
from disconnected: received Inspector.detached event
  (Session info: chrome=74.0.3729.157)
  (Driver info: chromedriver=74.0.3729.6 (255758eccf3d244491b8a1317aa76e1ce10d57e9-refs/branch-heads/3729@{#29}),platform=Windows NT 10.0.17763 x86_64) (WARNING: The server did not provide any stacktrace information)
Command duration or timeout: 0 milliseconds
Build info: version: &#039;3.141.59&#039;, revision: &#039;e82be7d358&#039;, time: &#039;2018-11-14T08:25:53&#039;
System info: host: &#039;CTWS023&#039;, ip: &#039;192.168.1.180&#039;, os.name: &#039;Windows 10&#039;, os.arch: &#039;amd64&#039;, os.version: &#039;10.0&#039;, java.version: &#039;10&#039;
Driver info: org.openqa.selenium.chrome.ChromeDriver
Capabilities {acceptInsecureCerts: false, acceptSslCerts: false, applicationCacheEnabled: false, browserConnectionEnabled: false, browserName: chrome, chrome: {chromedriverVersion: 74.0.3729.6 (255758eccf3d24..., userDataDir: C:\Users\SHAZIY~1.CIN\AppDa...}, cssSelectorsEnabled: true, databaseEnabled: false, goog:chromeOptions: {debuggerAddress: localhost:49385}, handlesAlerts: true, hasTouchScreen: false, javascriptEnabled: true, locationContextEnabled: true, mobileEmulationEnabled: false, nativeEvents: true, networkConnectionEnabled: false, pageLoadStrategy: normal, platform: XP, platformName: XP, proxy: Proxy(), rotatable: false, setWindowRect: true, strictFileInteractability: false, takesHeapSnapshot: true, takesScreenshot: true, timeouts: {implicit: 0, pageLoad: 300000, script: 30000}, unexpectedAlertBehaviour: ignore, unhandledPromptBehavior: ignore, version: 74.0.3729.157, webStorageEnabled: true}
Session ID: 6990dbaa08441c379f5fe63b212379de" type="org.openqa.selenium.WebDriverException">
      <![CDATA[org.openqa.selenium.WebDriverException: unknown error: cannot determine loading status
from unknown error: cannot determine loading status
from disconnected: received Inspector.detached event
  (Session info: chrome=74.0.3729.157)
  (Driver info: chromedriver=74.0.3729.6 (255758eccf3d244491b8a1317aa76e1ce10d57e9-refs/branch-heads/3729@{#29}),platform=Windows NT 10.0.17763 x86_64) (WARNING: The server did not provide any stacktrace information)
Command duration or timeout: 0 milliseconds
Build info: version: '3.141.59', revision: 'e82be7d358', time: '2018-11-14T08:25:53'
System info: host: 'CTWS023', ip: '192.168.1.180', os.name: 'Windows 10', os.arch: 'amd64', os.version: '10.0', java.version: '10'
Driver info: org.openqa.selenium.chrome.ChromeDriver
Capabilities {acceptInsecureCerts: false, acceptSslCerts: false, applicationCacheEnabled: false, browserConnectionEnabled: false, browserName: chrome, chrome: {chromedriverVersion: 74.0.3729.6 (255758eccf3d24..., userDataDir: C:\Users\SHAZIY~1.CIN\AppDa...}, cssSelectorsEnabled: true, databaseEnabled: false, goog:chromeOptions: {debuggerAddress: localhost:49385}, handlesAlerts: true, hasTouchScreen: false, javascriptEnabled: true, locationContextEnabled: true, mobileEmulationEnabled: false, nativeEvents: true, networkConnectionEnabled: false, pageLoadStrategy: normal, platform: XP, platformName: XP, proxy: Proxy(), rotatable: false, setWindowRect: true, strictFileInteractability: false, takesHeapSnapshot: true, takesScreenshot: true, timeouts: {implicit: 0, pageLoad: 300000, script: 30000}, unexpectedAlertBehaviour: ignore, unhandledPromptBehavior: ignore, version: 74.0.3729.157, webStorageEnabled: true}
Session ID: 6990dbaa08441c379f5fe63b212379de
at java.base/jdk.internal.reflect.NativeConstructorAccessorImpl.newInstance0(Native Method)
at java.base/jdk.internal.reflect.NativeConstructorAccessorImpl.newInstance(Unknown Source)
at java.base/jdk.internal.reflect.DelegatingConstructorAccessorImpl.newInstance(Unknown Source)
at java.base/java.lang.reflect.Constructor.newInstance(Unknown Source)
at org.openqa.selenium.remote.ErrorHandler.createThrowable(ErrorHandler.java:214)
at org.openqa.selenium.remote.ErrorHandler.throwIfResponseFailed(ErrorHandler.java:166)
at org.openqa.selenium.remote.http.JsonHttpResponseCodec.reconstructValue(JsonHttpResponseCodec.java:40)
at org.openqa.selenium.remote.http.AbstractHttpResponseCodec.decode(AbstractHttpResponseCodec.java:80)
at org.openqa.selenium.remote.http.AbstractHttpResponseCodec.decode(AbstractHttpResponseCodec.java:44)
at org.openqa.selenium.remote.HttpCommandExecutor.execute(HttpCommandExecutor.java:158)
at org.openqa.selenium.remote.service.DriverCommandExecutor.execute(DriverCommandExecutor.java:83)
at org.openqa.selenium.remote.RemoteWebDriver.execute(RemoteWebDriver.java:552)
at org.openqa.selenium.remote.RemoteWebDriver.get(RemoteWebDriver.java:277)
at CustomerPackage.Main_CustomerRegistration.setupTestMethod(Main_CustomerRegistration.java:44)
at java.base/jdk.internal.reflect.NativeMethodAccessorImpl.invoke0(Native Method)
at java.base/jdk.internal.reflect.NativeMethodAccessorImpl.invoke(Unknown Source)
at java.base/jdk.internal.reflect.DelegatingMethodAccessorImpl.invoke(Unknown Source)
at java.base/java.lang.reflect.Method.invoke(Unknown Source)
at org.testng.internal.MethodInvocationHelper.invokeMethod(MethodInvocationHelper.java:124)
at org.testng.internal.MethodInvocationHelper.invokeMethodConsideringTimeout(MethodInvocationHelper.java:59)
at org.testng.internal.Invoker.invokeConfigurationMethod(Invoker.java:458)
at org.testng.internal.Invoker.invokeConfigurations(Invoker.java:222)
at org.testng.internal.Invoker.invokeMethod(Invoker.java:523)
at org.testng.internal.Invoker.invokeTestMethod(Invoker.java:719)
at org.testng.internal.Invoker.invokeTestMethods(Invoker.java:989)
at org.testng.internal.TestMethodWorker.invokeTestMethods(TestMethodWorker.java:125)
at org.testng.internal.TestMethodWorker.run(TestMethodWorker.java:109)
at org.testng.TestRunner.privateRun(TestRunner.java:648)
at org.testng.TestRunner.run(TestRunner.java:505)
at org.testng.SuiteRunner.runTest(SuiteRunner.java:455)
at org.testng.SuiteRunner.runSequentially(SuiteRunner.java:450)
at org.testng.SuiteRunner.privateRun(SuiteRunner.java:415)
at org.testng.SuiteRunner.run(SuiteRunner.java:364)
at org.testng.SuiteRunnerWorker.runSuite(SuiteRunnerWorker.java:52)
at org.testng.SuiteRunnerWorker.run(SuiteRunnerWorker.java:84)
at org.testng.TestNG.runSuitesSequentially(TestNG.java:1208)
at org.testng.TestNG.runSuitesLocally(TestNG.java:1137)
at org.testng.TestNG.runSuites(TestNG.java:1049)
at org.testng.TestNG.run(TestNG.java:1017)
at org.testng.remote.AbstractRemoteTestNG.run(AbstractRemoteTestNG.java:115)
at org.testng.remote.RemoteTestNG.initAndRun(RemoteTestNG.java:251)
at org.testng.remote.RemoteTestNG.main(RemoteTestNG.java:77)
]]>
    </error>
  </testcase> <!-- setupTestMethod -->
  <testcase classname="CustomerPackage.Main_CustomerRegistration" name="UpdateValidation" time="0.000">
    <skipped/>
  </testcase> <!-- UpdateValidation -->
  <testcase classname="CustomerPackage.Main_CustomerRegistration" name="UpdateValidation" time="0.000">
    <skipped/>
  </testcase> <!-- UpdateValidation -->
  <testcase classname="CustomerPackage.Main_CustomerRegistration" name="UpdateValidation" time="0.000">
    <skipped/>
  </testcase> <!-- UpdateValidation -->
  <testcase classname="CustomerPackage.Main_CustomerRegistration" name="UpdateValidation" time="0.000">
    <skipped/>
  </testcase> <!-- UpdateValidation -->
  <testcase classname="CustomerPackage.Main_CustomerRegistration" name="UpdateValidation" time="0.000">
    <skipped/>
  </testcase> <!-- UpdateValidation -->
  <testcase classname="CustomerPackage.Main_CustomerRegistration" name="UpdateValidation" time="0.000">
    <skipped/>
  </testcase> <!-- UpdateValidation -->
  <testcase classname="CustomerPackage.Main_CustomerRegistration" name="UpdateValidation" time="0.000">
    <skipped/>
  </testcase> <!-- UpdateValidation -->
  <testcase classname="CustomerPackage.Main_CustomerRegistration" name="UpdateValidation" time="0.000">
    <skipped/>
  </testcase> <!-- UpdateValidation -->
  <testcase classname="CustomerPackage.Main_CustomerRegistration" name="UpdateValidation" time="0.000">
    <skipped/>
  </testcase> <!-- UpdateValidation -->
  <testcase classname="CustomerPackage.Main_CustomerRegistration" name="UpdateValidation" time="0.000">
    <skipped/>
  </testcase> <!-- UpdateValidation -->
  <testcase classname="CustomerPackage.Main_CustomerRegistration" name="UpdateValidation" time="0.000">
    <skipped/>
  </testcase> <!-- UpdateValidation -->
  <testcase classname="CustomerPackage.Main_CustomerRegistration" name="UpdateValidation" time="0.000">
    <skipped/>
  </testcase> <!-- UpdateValidation -->
  <testcase classname="CustomerPackage.Main_CustomerRegistration" name="UpdateValidation" time="0.000">
    <skipped/>
  </testcase> <!-- UpdateValidation -->
  <testcase classname="CustomerPackage.Main_CustomerRegistration" name="UpdateValidation" time="0.000">
    <skipped/>
  </testcase> <!-- UpdateValidation -->
  <testcase classname="CustomerPackage.Main_CustomerRegistration" name="UpdateValidation" time="0.000">
    <skipped/>
  </testcase> <!-- UpdateValidation -->
  <testcase classname="CustomerPackage.Main_CustomerRegistration" name="UpdateValidation" time="0.000">
    <skipped/>
  </testcase> <!-- UpdateValidation -->
  <testcase classname="CustomerPackage.Main_CustomerRegistration" name="UpdateValidation" time="0.000">
    <skipped/>
  </testcase> <!-- UpdateValidation -->
  <testcase classname="CustomerPackage.Main_CustomerRegistration" name="UpdateValidation" time="0.000">
    <skipped/>
  </testcase> <!-- UpdateValidation -->
  <testcase classname="CustomerPackage.Main_CustomerRegistration" name="UpdateValidation" time="0.000">
    <skipped/>
  </testcase> <!-- UpdateValidation -->
  <testcase classname="CustomerPackage.Main_CustomerRegistration" name="UpdateValidation" time="0.000">
    <skipped/>
  </testcase> <!-- UpdateValidation -->
  <testcase classname="CustomerPackage.Main_CustomerRegistration" name="UpdateValidation" time="0.000">
    <skipped/>
  </testcase> <!-- UpdateValidation -->
  <testcase classname="CustomerPackage.Main_CustomerRegistration" name="UpdateValidation" time="0.000">
    <skipped/>
  </testcase> <!-- UpdateValidation -->
  <testcase classname="CustomerPackage.Main_CustomerRegistration" name="UpdateValidation" time="0.000">
    <skipped/>
  </testcase> <!-- UpdateValidation -->
  <testcase classname="CustomerPackage.Main_CustomerRegistration" name="UpdateValidation" time="0.000">
    <skipped/>
  </testcase> <!-- UpdateValidation -->
  <testcase classname="CustomerPackage.Main_CustomerRegistration" name="UpdateValidation" time="0.000">
    <skipped/>
  </testcase> <!-- UpdateValidation -->
  <testcase classname="CustomerPackage.Main_CustomerRegistration" name="UpdateValidation" time="0.000">
    <skipped/>
  </testcase> <!-- UpdateValidation -->
  <testcase classname="CustomerPackage.Main_CustomerRegistration" name="UpdateValidation" time="0.000">
    <skipped/>
  </testcase> <!-- UpdateValidation -->
  <testcase classname="CustomerPackage.Main_CustomerRegistration" name="UpdateValidation" time="0.000">
    <skipped/>
  </testcase> <!-- UpdateValidation -->
  <testcase classname="CustomerPackage.Main_CustomerRegistration" name="UpdateValidation" time="0.000">
    <skipped/>
  </testcase> <!-- UpdateValidation -->
  <testcase classname="CustomerPackage.Main_CustomerRegistration" name="UpdateValidation" time="0.000">
    <skipped/>
  </testcase> <!-- UpdateValidation -->
  <testcase classname="CustomerPackage.Main_CustomerRegistration" name="UpdateValidation" time="0.000">
    <skipped/>
  </testcase> <!-- UpdateValidation -->
  <testcase classname="CustomerPackage.Main_CustomerRegistration" name="UpdateValidation" time="163.882">
    <error message="no such element: Unable to locate element: {&quot;method&quot;:&quot;id&quot;,&quot;selector&quot;:&quot;popup_message&quot;}
  (Session info: chrome=74.0.3729.157)
  (Driver info: chromedriver=74.0.3729.6 (255758eccf3d244491b8a1317aa76e1ce10d57e9-refs/branch-heads/3729@{#29}),platform=Windows NT 10.0.17763 x86_64) (WARNING: The server did not provide any stacktrace information)
Command duration or timeout: 0 milliseconds
For documentation on this error, please visit: https://www.seleniumhq.org/exceptions/no_such_element.html
Build info: version: &#039;3.141.59&#039;, revision: &#039;e82be7d358&#039;, time: &#039;2018-11-14T08:25:53&#039;
System info: host: &#039;CTWS023&#039;, ip: &#039;192.168.1.180&#039;, os.name: &#039;Windows 10&#039;, os.arch: &#039;amd64&#039;, os.version: &#039;10.0&#039;, java.version: &#039;10&#039;
Driver info: org.openqa.selenium.chrome.ChromeDriver
Capabilities {acceptInsecureCerts: false, acceptSslCerts: false, applicationCacheEnabled: false, browserConnectionEnabled: false, browserName: chrome, chrome: {chromedriverVersion: 74.0.3729.6 (255758eccf3d24..., userDataDir: C:\Users\SHAZIY~1.CIN\AppDa...}, cssSelectorsEnabled: true, databaseEnabled: false, goog:chromeOptions: {debuggerAddress: localhost:49341}, handlesAlerts: true, hasTouchScreen: false, javascriptEnabled: true, locationContextEnabled: true, mobileEmulationEnabled: false, nativeEvents: true, networkConnectionEnabled: false, pageLoadStrategy: normal, platform: XP, platformName: XP, proxy: Proxy(), rotatable: false, setWindowRect: true, strictFileInteractability: false, takesHeapSnapshot: true, takesScreenshot: true, timeouts: {implicit: 0, pageLoad: 300000, script: 30000}, unexpectedAlertBehaviour: ignore, unhandledPromptBehavior: ignore, version: 74.0.3729.157, webStorageEnabled: true}
Session ID: b703f4d02ad756352f6e3778bcd043c7
*** Element info: {Using=id, value=popup_message}" type="org.openqa.selenium.NoSuchElementException">
      <![CDATA[org.openqa.selenium.NoSuchElementException: no such element: Unable to locate element: {"method":"id","selector":"popup_message"}
  (Session info: chrome=74.0.3729.157)
  (Driver info: chromedriver=74.0.3729.6 (255758eccf3d244491b8a1317aa76e1ce10d57e9-refs/branch-heads/3729@{#29}),platform=Windows NT 10.0.17763 x86_64) (WARNING: The server did not provide any stacktrace information)
Command duration or timeout: 0 milliseconds
For documentation on this error, please visit: https://www.seleniumhq.org/exceptions/no_such_element.html
Build info: version: '3.141.59', revision: 'e82be7d358', time: '2018-11-14T08:25:53'
System info: host: 'CTWS023', ip: '192.168.1.180', os.name: 'Windows 10', os.arch: 'amd64', os.version: '10.0', java.version: '10'
Driver info: org.openqa.selenium.chrome.ChromeDriver
Capabilities {acceptInsecureCerts: false, acceptSslCerts: false, applicationCacheEnabled: false, browserConnectionEnabled: false, browserName: chrome, chrome: {chromedriverVersion: 74.0.3729.6 (255758eccf3d24..., userDataDir: C:\Users\SHAZIY~1.CIN\AppDa...}, cssSelectorsEnabled: true, databaseEnabled: false, goog:chromeOptions: {debuggerAddress: localhost:49341}, handlesAlerts: true, hasTouchScreen: false, javascriptEnabled: true, locationContextEnabled: true, mobileEmulationEnabled: false, nativeEvents: true, networkConnectionEnabled: false, pageLoadStrategy: normal, platform: XP, platformName: XP, proxy: Proxy(), rotatable: false, setWindowRect: true, strictFileInteractability: false, takesHeapSnapshot: true, takesScreenshot: true, timeouts: {implicit: 0, pageLoad: 300000, script: 30000}, unexpectedAlertBehaviour: ignore, unhandledPromptBehavior: ignore, version: 74.0.3729.157, webStorageEnabled: true}
Session ID: b703f4d02ad756352f6e3778bcd043c7
*** Element info: {Using=id, value=popup_message}
at java.base/jdk.internal.reflect.NativeConstructorAccessorImpl.newInstance0(Native Method)
at java.base/jdk.internal.reflect.NativeConstructorAccessorImpl.newInstance(Unknown Source)
at java.base/jdk.internal.reflect.DelegatingConstructorAccessorImpl.newInstance(Unknown Source)
at java.base/java.lang.reflect.Constructor.newInstance(Unknown Source)
at org.openqa.selenium.remote.ErrorHandler.createThrowable(ErrorHandler.java:214)
at org.openqa.selenium.remote.ErrorHandler.throwIfResponseFailed(ErrorHandler.java:166)
at org.openqa.selenium.remote.http.JsonHttpResponseCodec.reconstructValue(JsonHttpResponseCodec.java:40)
at org.openqa.selenium.remote.http.AbstractHttpResponseCodec.decode(AbstractHttpResponseCodec.java:80)
at org.openqa.selenium.remote.http.AbstractHttpResponseCodec.decode(AbstractHttpResponseCodec.java:44)
at org.openqa.selenium.remote.HttpCommandExecutor.execute(HttpCommandExecutor.java:158)
at org.openqa.selenium.remote.service.DriverCommandExecutor.execute(DriverCommandExecutor.java:83)
at org.openqa.selenium.remote.RemoteWebDriver.execute(RemoteWebDriver.java:552)
at org.openqa.selenium.remote.RemoteWebDriver.findElement(RemoteWebDriver.java:323)
at org.openqa.selenium.remote.RemoteWebDriver.findElementById(RemoteWebDriver.java:372)
at org.openqa.selenium.By$ById.findElement(By.java:188)
at org.openqa.selenium.remote.RemoteWebDriver.findElement(RemoteWebDriver.java:315)
at CustomerPackage.Main_CustomerRegistration.verifyErrorMessage(Main_CustomerRegistration.java:137)
at CustomerPackage.Main_CustomerRegistration.RegistrationScenarios(Main_CustomerRegistration.java:117)
at CustomerPackage.Main_CustomerRegistration.UpdateValidation(Main_CustomerRegistration.java:51)
at java.base/jdk.internal.reflect.NativeMethodAccessorImpl.invoke0(Native Method)
at java.base/jdk.internal.reflect.NativeMethodAccessorImpl.invoke(Unknown Source)
at java.base/jdk.internal.reflect.DelegatingMethodAccessorImpl.invoke(Unknown Source)
at java.base/java.lang.reflect.Method.invoke(Unknown Source)
at org.testng.internal.MethodInvocationHelper.invokeMethod(MethodInvocationHelper.java:124)
at org.testng.internal.Invoker.invokeMethod(Invoker.java:583)
at org.testng.internal.Invoker.invokeTestMethod(Invoker.java:719)
at org.testng.internal.Invoker.invokeTestMethods(Invoker.java:989)
at org.testng.internal.TestMethodWorker.invokeTestMethods(TestMethodWorker.java:125)
at org.testng.internal.TestMethodWorker.run(TestMethodWorker.java:109)
at org.testng.TestRunner.privateRun(TestRunner.java:648)
at org.testng.TestRunner.run(TestRunner.java:505)
at org.testng.SuiteRunner.runTest(SuiteRunner.java:455)
at org.testng.SuiteRunner.runSequentially(SuiteRunner.java:450)
at org.testng.SuiteRunner.privateRun(SuiteRunner.java:415)
at org.testng.SuiteRunner.run(SuiteRunner.java:364)
at org.testng.SuiteRunnerWorker.runSuite(SuiteRunnerWorker.java:52)
at org.testng.SuiteRunnerWorker.run(SuiteRunnerWorker.java:84)
at org.testng.TestNG.runSuitesSequentially(TestNG.java:1208)
at org.testng.TestNG.runSuitesLocally(TestNG.java:1137)
at org.testng.TestNG.runSuites(TestNG.java:1049)
at org.testng.TestNG.run(TestNG.java:1017)
at org.testng.remote.AbstractRemoteTestNG.run(AbstractRemoteTestNG.java:115)
at org.testng.remote.RemoteTestNG.initAndRun(RemoteTestNG.java:251)
at org.testng.remote.RemoteTestNG.main(RemoteTestNG.java:77)
]]>
    </error>
  </testcase> <!-- UpdateValidation -->
  <testcase classname="CustomerPackage.Main_CustomerRegistration" name="UpdateValidation" time="0.000">
    <skipped/>
  </testcase> <!-- UpdateValidation -->
  <testcase classname="CustomerPackage.Main_CustomerRegistration" name="UpdateValidation" time="0.000">
    <skipped/>
  </testcase> <!-- UpdateValidation -->
  <testcase classname="CustomerPackage.Main_CustomerRegistration" name="UpdateValidation" time="0.000">
    <skipped/>
  </testcase> <!-- UpdateValidation -->
  <testcase classname="CustomerPackage.Main_CustomerRegistration" name="UpdateValidation" time="0.000">
    <skipped/>
  </testcase> <!-- UpdateValidation -->
  <testcase classname="CustomerPackage.Main_CustomerRegistration" name="UpdateValidation" time="0.000">
    <skipped/>
  </testcase> <!-- UpdateValidation -->
  <testcase classname="CustomerPackage.Main_CustomerRegistration" name="UpdateValidation" time="0.000">
    <skipped/>
  </testcase> <!-- UpdateValidation -->
  <testcase classname="CustomerPackage.Main_CustomerRegistration" name="UpdateValidation" time="0.000">
    <skipped/>
  </testcase> <!-- UpdateValidation -->
  <testcase classname="CustomerPackage.Main_CustomerRegistration" name="UpdateValidation" time="0.000">
    <skipped/>
  </testcase> <!-- UpdateValidation -->
  <testcase classname="CustomerPackage.Main_CustomerRegistration" name="UpdateValidation" time="0.000">
    <skipped/>
  </testcase> <!-- UpdateValidation -->
  <testcase classname="CustomerPackage.Main_CustomerRegistration" name="UpdateValidation" time="0.000">
    <skipped/>
  </testcase> <!-- UpdateValidation -->
  <testcase classname="CustomerPackage.Main_CustomerRegistration" name="UpdateValidation" time="0.000">
    <skipped/>
  </testcase> <!-- UpdateValidation -->
  <testcase classname="CustomerPackage.Main_CustomerRegistration" name="UpdateValidation" time="0.000">
    <skipped/>
  </testcase> <!-- UpdateValidation -->
  <testcase classname="CustomerPackage.Main_CustomerRegistration" name="UpdateValidation" time="0.000">
    <skipped/>
  </testcase> <!-- UpdateValidation -->
  <testcase classname="CustomerPackage.Main_CustomerRegistration" name="UpdateValidation" time="0.000">
    <skipped/>
  </testcase> <!-- UpdateValidation -->
  <testcase classname="CustomerPackage.Main_CustomerRegistration" name="UpdateValidation" time="0.000">
    <skipped/>
  </testcase> <!-- UpdateValidation -->
  <testcase classname="CustomerPackage.Main_CustomerRegistration" name="UpdateValidation" time="0.000">
    <skipped/>
  </testcase> <!-- UpdateValidation -->
  <testcase classname="CustomerPackage.Main_CustomerRegistration" name="UpdateValidation" time="0.000">
    <skipped/>
  </testcase> <!-- UpdateValidation -->
  <testcase classname="CustomerPackage.Main_CustomerRegistration" name="UpdateValidation" time="0.000">
    <skipped/>
  </testcase> <!-- UpdateValidation -->
</testsuite> <!-- CustomerPackage.Main_CustomerRegistration -->
